<?xml version="1.0" encoding="UTF-8"?>
<testsuite xmlns:xsi="http://www.w3.org/2001/XMLSchema-instance" xsi:noNamespaceSchemaLocation="https://maven.apache.org/surefire/maven-surefire-plugin/xsd/surefire-test-report-3.0.xsd" version="3.0" name="TestSuite" time="1.108" tests="33" errors="0" skipped="30" failures="3">
  <properties>
[...]
</properties>
  <testcase name="setup" classname="com.nagp.amazon.tests.AmazonLoginPageTest" time="0.914">
    <failure type="java.lang.NullPointerException"><![CDATA[java.lang.NullPointerException
	at com.nagp.amazon.tests.AmazonLoginPageTest.setup(AmazonLoginPageTest.java:40)
]]></failure>
    <system-err><![CDATA[java.io.FileNotFoundException: C:\Users\anujalhans01\workspace\AnujAlhans-3144196-NAGP-Amazon-Selenium-Automation-Project\src\main\java\com\nagp\amazon\config\config.properties (The system cannot find the path specified)
	at java.io.FileInputStream.open0(Native Method)
	at java.io.FileInputStream.open(FileInputStream.java:195)
	at java.io.FileInputStream.<init>(FileInputStream.java:138)
	at java.io.FileInputStream.<init>(FileInputStream.java:93)
	at com.nagp.amazon.base.TestBase.<init>(TestBase.java:30)
	at com.nagp.amazon.tests.AmazonLoginPageTest.<init>(AmazonLoginPageTest.java:29)
	at sun.reflect.NativeConstructorAccessorImpl.newInstance0(Native Method)
	at sun.reflect.NativeConstructorAccessorImpl.newInstance(NativeConstructorAccessorImpl.java:62)
	at sun.reflect.DelegatingConstructorAccessorImpl.newInstance(DelegatingConstructorAccessorImpl.java:45)
	at java.lang.reflect.Constructor.newInstance(Constructor.java:423)
	at org.testng.internal.ObjectFactoryImpl.newInstance(ObjectFactoryImpl.java:23)
	at org.testng.internal.InstanceCreator.instantiateUsingDefaultConstructor(InstanceCreator.java:193)
	at org.testng.internal.InstanceCreator.createInstanceUsingObjectFactory(InstanceCreator.java:113)
	at org.testng.internal.InstanceCreator.createInstance(InstanceCreator.java:79)
	at org.testng.internal.objects.SimpleObjectDispenser.dispense(SimpleObjectDispenser.java:25)
	at org.testng.internal.objects.GuiceBasedObjectDispenser.dispense(GuiceBasedObjectDispenser.java:30)
	at org.testng.internal.ClassImpl.getDefaultInstance(ClassImpl.java:112)
	at org.testng.internal.ClassImpl.getInstances(ClassImpl.java:165)
	at org.testng.TestClass.getInstances(TestClass.java:122)
	at org.testng.TestClass.initTestClassesAndInstances(TestClass.java:102)
	at org.testng.TestClass.init(TestClass.java:94)
	at org.testng.TestClass.<init>(TestClass.java:59)
	at org.testng.TestRunner.initMethods(TestRunner.java:463)
	at org.testng.TestRunner.init(TestRunner.java:339)
	at org.testng.TestRunner.init(TestRunner.java:292)
	at org.testng.TestRunner.<init>(TestRunner.java:183)
	at org.testng.SuiteRunner$DefaultTestRunnerFactory.newTestRunner(SuiteRunner.java:596)
	at org.testng.SuiteRunner.init(SuiteRunner.java:173)
	at org.testng.SuiteRunner.<init>(SuiteRunner.java:107)
	at org.testng.TestNG.createSuiteRunner(TestNG.java:1300)
	at org.testng.TestNG.createSuiteRunners(TestNG.java:1276)
	at org.testng.TestNG.runSuitesLocally(TestNG.java:1125)
	at org.testng.TestNG.runSuites(TestNG.java:1063)
	at org.testng.TestNG.run(TestNG.java:1031)
	at org.apache.maven.surefire.testng.TestNGExecutor.run(TestNGExecutor.java:284)
	at org.apache.maven.surefire.testng.TestNGXmlTestSuite.execute(TestNGXmlTestSuite.java:75)
	at org.apache.maven.surefire.testng.TestNGProvider.invoke(TestNGProvider.java:119)
	at org.apache.maven.surefire.booter.ForkedBooter.runSuitesInProcess(ForkedBooter.java:428)
	at org.apache.maven.surefire.booter.ForkedBooter.execute(ForkedBooter.java:162)
	at org.apache.maven.surefire.booter.ForkedBooter.run(ForkedBooter.java:562)
	at org.apache.maven.surefire.booter.ForkedBooter.main(ForkedBooter.java:548)
java.io.FileNotFoundException: C:\Users\anujalhans01\workspace\AnujAlhans-3144196-NAGP-Amazon-Selenium-Automation-Project\src\main\java\com\nagp\amazon\config\config.properties (The system cannot find the path specified)
	at java.io.FileInputStream.open0(Native Method)
	at java.io.FileInputStream.open(FileInputStream.java:195)
	at java.io.FileInputStream.<init>(FileInputStream.java:138)
	at java.io.FileInputStream.<init>(FileInputStream.java:93)
	at com.nagp.amazon.base.TestBase.<init>(TestBase.java:30)
	at com.nagp.amazon.tests.AmazonHomePageTest.<init>(AmazonHomePageTest.java:28)
	at sun.reflect.NativeConstructorAccessorImpl.newInstance0(Native Method)
	at sun.reflect.NativeConstructorAccessorImpl.newInstance(NativeConstructorAccessorImpl.java:62)
	at sun.reflect.DelegatingConstructorAccessorImpl.newInstance(DelegatingConstructorAccessorImpl.java:45)
	at java.lang.reflect.Constructor.newInstance(Constructor.java:423)
	at org.testng.internal.ObjectFactoryImpl.newInstance(ObjectFactoryImpl.java:23)
	at org.testng.internal.InstanceCreator.instantiateUsingDefaultConstructor(InstanceCreator.java:193)
	at org.testng.internal.InstanceCreator.createInstanceUsingObjectFactory(InstanceCreator.java:113)
	at org.testng.internal.InstanceCreator.createInstance(InstanceCreator.java:79)
	at org.testng.internal.objects.SimpleObjectDispenser.dispense(SimpleObjectDispenser.java:25)
	at org.testng.internal.objects.GuiceBasedObjectDispenser.dispense(GuiceBasedObjectDispenser.java:30)
	at org.testng.internal.ClassImpl.getDefaultInstance(ClassImpl.java:112)
	at org.testng.internal.ClassImpl.getInstances(ClassImpl.java:165)
	at org.testng.TestClass.getInstances(TestClass.java:122)
	at org.testng.TestClass.initTestClassesAndInstances(TestClass.java:102)
	at org.testng.TestClass.init(TestClass.java:94)
	at org.testng.TestClass.<init>(TestClass.java:59)
	at org.testng.TestRunner.initMethods(TestRunner.java:463)
	at org.testng.TestRunner.init(TestRunner.java:339)
	at org.testng.TestRunner.init(TestRunner.java:292)
	at org.testng.TestRunner.<init>(TestRunner.java:183)
	at org.testng.SuiteRunner$DefaultTestRunnerFactory.newTestRunner(SuiteRunner.java:596)
	at org.testng.SuiteRunner.init(SuiteRunner.java:173)
	at org.testng.SuiteRunner.<init>(SuiteRunner.java:107)
	at org.testng.TestNG.createSuiteRunner(TestNG.java:1300)
	at org.testng.TestNG.createSuiteRunners(TestNG.java:1276)
	at org.testng.TestNG.runSuitesLocally(TestNG.java:1125)
	at org.testng.TestNG.runSuites(TestNG.java:1063)
	at org.testng.TestNG.run(TestNG.java:1031)
	at org.apache.maven.surefire.testng.TestNGExecutor.run(TestNGExecutor.java:284)
	at org.apache.maven.surefire.testng.TestNGXmlTestSuite.execute(TestNGXmlTestSuite.java:75)
	at org.apache.maven.surefire.testng.TestNGProvider.invoke(TestNGProvider.java:119)
	at org.apache.maven.surefire.booter.ForkedBooter.runSuitesInProcess(ForkedBooter.java:428)
	at org.apache.maven.surefire.booter.ForkedBooter.execute(ForkedBooter.java:162)
	at org.apache.maven.surefire.booter.ForkedBooter.run(ForkedBooter.java:562)
	at org.apache.maven.surefire.booter.ForkedBooter.main(ForkedBooter.java:548)
java.io.FileNotFoundException: C:\Users\anujalhans01\workspace\AnujAlhans-3144196-NAGP-Amazon-Selenium-Automation-Project\src\main\java\com\nagp\amazon\config\config.properties (The system cannot find the path specified)
	at java.io.FileInputStream.open0(Native Method)
	at java.io.FileInputStream.open(FileInputStream.java:195)
	at java.io.FileInputStream.<init>(FileInputStream.java:138)
	at java.io.FileInputStream.<init>(FileInputStream.java:93)
	at com.nagp.amazon.base.TestBase.<init>(TestBase.java:30)
	at com.nagp.amazon.tests.AmazonProductSearchResultsPageTest.<init>(AmazonProductSearchResultsPageTest.java:30)
	at sun.reflect.NativeConstructorAccessorImpl.newInstance0(Native Method)
	at sun.reflect.NativeConstructorAccessorImpl.newInstance(NativeConstructorAccessorImpl.java:62)
	at sun.reflect.DelegatingConstructorAccessorImpl.newInstance(DelegatingConstructorAccessorImpl.java:45)
	at java.lang.reflect.Constructor.newInstance(Constructor.java:423)
	at org.testng.internal.ObjectFactoryImpl.newInstance(ObjectFactoryImpl.java:23)
	at org.testng.internal.InstanceCreator.instantiateUsingDefaultConstructor(InstanceCreator.java:193)
	at org.testng.internal.InstanceCreator.createInstanceUsingObjectFactory(InstanceCreator.java:113)
	at org.testng.internal.InstanceCreator.createInstance(InstanceCreator.java:79)
	at org.testng.internal.objects.SimpleObjectDispenser.dispense(SimpleObjectDispenser.java:25)
	at org.testng.internal.objects.GuiceBasedObjectDispenser.dispense(GuiceBasedObjectDispenser.java:30)
	at org.testng.internal.ClassImpl.getDefaultInstance(ClassImpl.java:112)
	at org.testng.internal.ClassImpl.getInstances(ClassImpl.java:165)
	at org.testng.TestClass.getInstances(TestClass.java:122)
	at org.testng.TestClass.initTestClassesAndInstances(TestClass.java:102)
	at org.testng.TestClass.init(TestClass.java:94)
	at org.testng.TestClass.<init>(TestClass.java:59)
	at org.testng.TestRunner.initMethods(TestRunner.java:463)
	at org.testng.TestRunner.init(TestRunner.java:339)
	at org.testng.TestRunner.init(TestRunner.java:292)
	at org.testng.TestRunner.<init>(TestRunner.java:183)
	at org.testng.SuiteRunner$DefaultTestRunnerFactory.newTestRunner(SuiteRunner.java:596)
	at org.testng.SuiteRunner.init(SuiteRunner.java:173)
	at org.testng.SuiteRunner.<init>(SuiteRunner.java:107)
	at org.testng.TestNG.createSuiteRunner(TestNG.java:1300)
	at org.testng.TestNG.createSuiteRunners(TestNG.java:1276)
	at org.testng.TestNG.runSuitesLocally(TestNG.java:1125)
	at org.testng.TestNG.runSuites(TestNG.java:1063)
	at org.testng.TestNG.run(TestNG.java:1031)
	at org.apache.maven.surefire.testng.TestNGExecutor.run(TestNGExecutor.java:284)
	at org.apache.maven.surefire.testng.TestNGXmlTestSuite.execute(TestNGXmlTestSuite.java:75)
	at org.apache.maven.surefire.testng.TestNGProvider.invoke(TestNGProvider.java:119)
	at org.apache.maven.surefire.booter.ForkedBooter.runSuitesInProcess(ForkedBooter.java:428)
	at org.apache.maven.surefire.booter.ForkedBooter.execute(ForkedBooter.java:162)
	at org.apache.maven.surefire.booter.ForkedBooter.run(ForkedBooter.java:562)
	at org.apache.maven.surefire.booter.ForkedBooter.main(ForkedBooter.java:548)
]]></system-err>
  </testcase>
  <testcase name="setup" classname="com.nagp.amazon.tests.AmazonLoginPageTest" time="0">
    <skipped/>
  </testcase>
  <testcase name="setup" classname="com.nagp.amazon.tests.AmazonLoginPageTest" time="0">
    <skipped/>
  </testcase>
  <testcase name="setup" classname="com.nagp.amazon.tests.AmazonLoginPageTest" time="0">
    <skipped/>
  </testcase>
  <testcase name="setup" classname="com.nagp.amazon.tests.AmazonLoginPageTest" time="0">
    <skipped/>
  </testcase>
  <testcase name="openLoginScreenTest" classname="com.nagp.amazon.tests.AmazonLoginPageTest" time="0">
    <skipped/>
  </testcase>
  <testcase name="tearDown" classname="com.nagp.amazon.tests.AmazonLoginPageTest" time="0">
    <skipped/>
  </testcase>
  <testcase name="tearDown" classname="com.nagp.amazon.tests.AmazonLoginPageTest" time="0">
    <skipped/>
  </testcase>
  <testcase name="tearDown" classname="com.nagp.amazon.tests.AmazonLoginPageTest" time="0">
    <skipped/>
  </testcase>
  <testcase name="tearDown" classname="com.nagp.amazon.tests.AmazonLoginPageTest" time="0">
    <skipped/>
  </testcase>
  <testcase name="tearDown" classname="com.nagp.amazon.tests.AmazonLoginPageTest" time="0">
    <skipped/>
  </testcase>
  <testcase name="conditionsOfUseTest" classname="com.nagp.amazon.tests.AmazonLoginPageTest" time="0">
    <skipped/>
  </testcase>
  <testcase name="privacyNoticeTest" classname="com.nagp.amazon.tests.AmazonLoginPageTest" time="0">
    <skipped/>
  </testcase>
  <testcase name="loginTest" classname="com.nagp.amazon.tests.AmazonLoginPageTest" time="0">
    <skipped/>
  </testcase>
  <testcase name="failedLoginTest" classname="com.nagp.amazon.tests.AmazonLoginPageTest" time="0">
    <skipped/>
  </testcase>
  <testcase name="endReport" classname="com.nagp.amazon.tests.AmazonLoginPageTest" time="0">
    <skipped/>
  </testcase>
  <testcase name="setup" classname="com.nagp.amazon.tests.AmazonHomePageTest" time="0">
    <failure type="java.lang.NullPointerException"><![CDATA[java.lang.NullPointerException
	at com.nagp.amazon.tests.AmazonHomePageTest.setup(AmazonHomePageTest.java:40)
]]></failure>
  </testcase>
  <testcase name="setup" classname="com.nagp.amazon.tests.AmazonHomePageTest" time="0">
    <skipped/>
  </testcase>
  <testcase name="setup" classname="com.nagp.amazon.tests.AmazonHomePageTest" time="0">
    <skipped/>
  </testcase>
  <testcase name="setup" classname="com.nagp.amazon.tests.AmazonHomePageTest" time="0">
    <skipped/>
  </testcase>
  <testcase name="amazonLogoOnHomePageTest" classname="com.nagp.amazon.tests.AmazonHomePageTest" time="0">
    <skipped/>
  </testcase>
  <testcase name="tearDown" classname="com.nagp.amazon.tests.AmazonHomePageTest" time="0">
    <skipped/>
  </testcase>
  <testcase name="tearDown" classname="com.nagp.amazon.tests.AmazonHomePageTest" time="0">
    <skipped/>
  </testcase>
  <testcase name="tearDown" classname="com.nagp.amazon.tests.AmazonHomePageTest" time="0">
    <skipped/>
  </testcase>
  <testcase name="tearDown" classname="com.nagp.amazon.tests.AmazonHomePageTest" time="0">
    <skipped/>
  </testcase>
  <testcase name="clickAndValidateTodaysDealsPage" classname="com.nagp.amazon.tests.AmazonHomePageTest" time="0">
    <skipped/>
  </testcase>
  <testcase name="enterAndValidateDeliveryAddressPincodeTest" classname="com.nagp.amazon.tests.AmazonHomePageTest" time="0">
    <skipped/>
  </testcase>
  <testcase name="searchProductTest" classname="com.nagp.amazon.tests.AmazonHomePageTest" time="0">
    <skipped/>
  </testcase>
  <testcase name="endReport" classname="com.nagp.amazon.tests.AmazonHomePageTest" time="0">
    <skipped/>
  </testcase>
  <testcase name="setup" classname="com.nagp.amazon.tests.AmazonProductSearchResultsPageTest" time="0">
    <failure type="java.lang.NullPointerException"><![CDATA[java.lang.NullPointerException
	at com.nagp.amazon.tests.AmazonProductSearchResultsPageTest.setup(AmazonProductSearchResultsPageTest.java:42)
]]></failure>
  </testcase>
  <testcase name="validateSortSearchResultsByPriceLowToHighTest" classname="com.nagp.amazon.tests.AmazonProductSearchResultsPageTest" time="0">
    <skipped/>
  </testcase>
  <testcase name="tearDown" classname="com.nagp.amazon.tests.AmazonProductSearchResultsPageTest" time="0">
    <skipped/>
  </testcase>
  <testcase name="endReport" classname="com.nagp.amazon.tests.AmazonProductSearchResultsPageTest" time="0">
    <skipped/>
  </testcase>
</testsuite>